
****** PlanAhead v14.7 (64-bit)
  **** Build 321239 by xbuild on Fri Sep 27 19:29:51 MDT 2013
    ** Copyright 1986-1999, 2001-2013 Xilinx, Inc. All Rights Reserved.

INFO: [Common 17-78] Attempting to get a license: PlanAhead
INFO: [Common 17-290] Got license for PlanAhead
INFO: [Device 21-36] Loading parts and site information from E:/Xilinx/14.7/ISE_DS/PlanAhead/data/parts/arch.xml
Parsing RTL primitives file [E:/Xilinx/14.7/ISE_DS/PlanAhead/data/parts/xilinx/rtl/prims/rtl_prims.xml]
Finished parsing RTL primitives file [E:/Xilinx/14.7/ISE_DS/PlanAhead/data/parts/xilinx/rtl/prims/rtl_prims.xml]
start_gui
source E:/table_tennis/pa.fromHdl.tcl
# create_project -name table_tennis -dir "E:/table_tennis/planAhead_run_1" -part xc6slx16csg324-2
create_project: Time (s): elapsed = 00:00:05 . Memory (MB): peak = 438.066 ; gain = 50.391
# set_param project.pinAheadLayout yes
# set srcset [get_property srcset [current_run -impl]]
# set_property target_constrs_file "main.ucf" [current_fileset -constrset]
Adding file 'E:/table_tennis/main.ucf' to fileset 'constrs_1'
# set hdlfile [add_files [list {main_control.v}]]
# set_property file_type Verilog $hdlfile
# set_property library work $hdlfile
# set hdlfile [add_files [list {led_display.v}]]
# set_property file_type Verilog $hdlfile
# set_property library work $hdlfile
# set hdlfile [add_files [list {keys.v}]]
# set_property file_type Verilog $hdlfile
# set_property library work $hdlfile
# set hdlfile [add_files [list {main.v}]]
# set_property file_type Verilog $hdlfile
# set_property library work $hdlfile
# set_property top main $srcset
# add_files [list {main.ucf}] -fileset [get_property constrset [current_run]]
# open_rtl_design -part xc6slx16csg324-2
Using Verific elaboration
Parsing VHDL file "E:/Xilinx/14.7/ISE_DS/PlanAhead/data/parts/xilinx/rtl/lib/synplify/synattr.vhd" into library synplify
Analyzing Verilog file "E:/table_tennis/main_control.v" into library work
Analyzing Verilog file "E:/table_tennis/led_display.v" into library work
Analyzing Verilog file "E:/table_tennis/keys.v" into library work
Analyzing Verilog file "E:/table_tennis/main.v" into library work
Loading clock regions from E:/Xilinx/14.7/ISE_DS/PlanAhead/data\parts/xilinx/spartan6/spartan6lx/xc6slx16/ClockRegion.xml
Loading clock buffers from E:/Xilinx/14.7/ISE_DS/PlanAhead/data\parts/xilinx/spartan6/spartan6lx/xc6slx16/ClockBuffers.xml
Loading package pin functions from E:/Xilinx/14.7/ISE_DS/PlanAhead/data\parts/xilinx/spartan6/PinFunctions.xml...
Loading package from E:/Xilinx/14.7/ISE_DS/PlanAhead/data\parts/xilinx/spartan6/spartan6lx/xc6slx16/csg324/Package.xml
Loading io standards from E:/Xilinx/14.7/ISE_DS/PlanAhead/data\./parts/xilinx/spartan6/IOStandards.xml
Loading device configuration modes from E:/Xilinx/14.7/ISE_DS/PlanAhead/data\parts/xilinx/spartan6/ConfigModes.xml
Loading list of drcs for the architecture : E:/Xilinx/14.7/ISE_DS/PlanAhead/data\./parts/xilinx/spartan6/drc.xml
Parsing UCF File [E:/table_tennis/main.ucf]
Finished Parsing UCF File [E:/table_tennis/main.ucf]
INFO: [Project 1-111] Unisim Transformation Summary:
No Unisim elements were transformed.

Phase 0 | Netlist Checksum: dc77ce1d
open_rtl_design: Time (s): elapsed = 00:00:30 . Memory (MB): peak = 592.465 ; gain = 149.266
update_compile_order -fileset sim_1
set_property package_pin "" [get_ports [list  {led[3]}]]
startgroup
set_property package_pin T3 [get_ports {led[2]}]
endgroup
startgroup
set_property package_pin T4 [get_ports {led[3]}]
endgroup
startgroup
set_property package_pin R3 [get_ports {led[1]}]
endgroup
startgroup
set_property package_pin V5 [get_ports {led[0]}]
endgroup
startgroup
set_property package_pin V10 [get_ports clk]
endgroup
startgroup
set_property package_pin N4 [get_ports rst]
endgroup
startgroup
set_property package_pin V10 [get_ports clk]
endgroup
startgroup
set_property package_pin P7 [get_ports in1]
endgroup
startgroup
set_property package_pin U5 [get_ports in2]
endgroup
startgroup
set_property package_pin R5 [get_ports score1]
endgroup
set_property package_pin "" [get_ports [list  score2]]
startgroup
set_property package_pin R5 [get_ports score1]
endgroup
startgroup
set_property package_pin T5 [get_ports score2]
endgroup
save_constraints
exit
ERROR: [Common 17-39] 'stop_gui' failed due to earlier errors.
INFO: [Common 17-206] Exiting PlanAhead at Wed Jan 31 11:44:57 2018...
INFO: [Common 17-83] Releasing license: PlanAhead
